<?xml version="1.0" encoding="UTF-8"?>
<testsuites name="jest tests" tests="18" failures="0" errors="0" time="10.71">
  <testsuite name="IndexedDB cache functions" errors="0" failures="0" skipped="0" timestamp="2025-11-13T05:04:07" time="6.525" tests="4">
    <testcase classname="IndexedDB cache functions saves and retrieves notifications with TTL" name="IndexedDB cache functions saves and retrieves notifications with TTL" time="0.014">
    </testcase>
    <testcase classname="IndexedDB cache functions filters out expired items" name="IndexedDB cache functions filters out expired items" time="0.002">
    </testcase>
    <testcase classname="IndexedDB cache functions removes stale notifications" name="IndexedDB cache functions removes stale notifications" time="0.004">
    </testcase>
    <testcase classname="IndexedDB cache functions clears cache" name="IndexedDB cache functions clears cache" time="0.002">
    </testcase>
  </testsuite>
  <testsuite name="renderNotifications" errors="0" failures="0" skipped="0" timestamp="2025-11-13T05:04:07" time="6.826" tests="1">
    <testcase classname="renderNotifications appends issue-element-inner with mocked fetch" name="renderNotifications appends issue-element-inner with mocked fetch" time="0.19">
    </testcase>
  </testsuite>
  <testsuite name="setLocalStore and getLocalStore" errors="0" failures="0" skipped="0" timestamp="2025-11-13T05:04:07" time="6.78" tests="2">
    <testcase classname="setLocalStore and getLocalStore round-trips string[]" name="setLocalStore and getLocalStore round-trips string[]" time="0.03">
    </testcase>
    <testcase classname="setLocalStore and getLocalStore round-trips OAuthToken object" name="setLocalStore and getLocalStore round-trips OAuthToken object" time="0.005">
    </testcase>
  </testsuite>
  <testsuite name="displayPopupMessage" errors="0" failures="0" skipped="0" timestamp="2025-11-13T05:04:08" time="6.643" tests="3">
    <testcase classname="displayPopupMessage sets title and body, toggles error class" name="displayPopupMessage sets title and body, toggles error class" time="0.013">
    </testcase>
    <testcase classname="renderErrorInModal logs message and calls displayPopupMessage" name="renderErrorInModal logs message and calls displayPopupMessage" time="0.01">
    </testcase>
    <testcase classname="renderErrorInModal handles undefined info" name="renderErrorInModal handles undefined info" time="0.002">
    </testcase>
  </testsuite>
  <testsuite name="processNotifications" errors="0" failures="0" skipped="0" timestamp="2025-11-13T05:04:08" time="6.711" tests="3">
    <testcase classname="processNotifications handles PR with missing base.repo without throwing" name="processNotifications handles PR with missing base.repo without throwing" time="0.007">
    </testcase>
    <testcase classname="processNotifications filters out draft PRs" name="processNotifications filters out draft PRs" time="0.001">
    </testcase>
    <testcase classname="processNotifications filters out closed issues" name="processNotifications filters out closed issues" time="0">
    </testcase>
  </testsuite>
  <testsuite name="fetch-data helpers" errors="0" failures="0" skipped="0" timestamp="2025-11-13T05:04:08" time="8.029" tests="5">
    <testcase classname="fetch-data helpers fetchIssues returns [] on non-ok response" name="fetch-data helpers fetchIssues returns [] on non-ok response" time="0.009">
    </testcase>
    <testcase classname="fetch-data helpers fetchPullRequests returns parsed JSON on ok" name="fetch-data helpers fetchPullRequests returns parsed JSON on ok" time="0.001">
    </testcase>
    <testcase classname="fetch-data helpers pre-filter excludes disallowed reasons and repos" name="fetch-data helpers pre-filter excludes disallowed reasons and repos" time="0.001">
    </testcase>
    <testcase classname="fetch-data helpers processNotifications filters by Priority label and counts backlinks for issues" name="fetch-data helpers processNotifications filters by Priority label and counts backlinks for issues" time="0.002">
    </testcase>
    <testcase classname="fetch-data helpers fetchAllNotifications saves to cache when data returns" name="fetch-data helpers fetchAllNotifications saves to cache when data returns" time="0.003">
    </testcase>
  </testsuite>
</testsuites>